Unity Editor version:    2021.1.18f1 (25bdc3efbc2d)
Branch:                  2021.1/staging
Build type:              Release
Batch mode:              YES
macOS version:           Version 12.3 (Build 21E230)
Darwin version:          21.4.0
Architecture:            x86_64
Running under Rosetta:   YES
Available memory:        16384 MB
Using pre-set license
Pro License: NO
Pro License: NO

COMMAND LINE ARGUMENTS:
/Applications/Unity/Unity.app/Contents/MacOS/Unity
-adb2
-batchMode
-noUpm
-name
AssetImportWorker0
-projectPath
/Users/luis/Documents/UnityProjects/SuperMarioBros
-logFile
Logs/AssetImportWorker0.log
-srvPort
57177
Successfully changed project path to: /Users/luis/Documents/UnityProjects/SuperMarioBros
/Users/luis/Documents/UnityProjects/SuperMarioBros
Using Asset Import Pipeline V2.
Refreshing native plugins compatible for Editor in 117.54 ms, found 3 plugins.
Preloading 0 native plugins for Editor in 0.00 ms.
Initialize engine version: 2021.1.18f1 (25bdc3efbc2d)
[Subsystems] Discovering subsystems at path /Applications/Unity/Unity.app/Contents/Resources/UnitySubsystems
[Subsystems] Discovering subsystems at path /Users/luis/Documents/UnityProjects/SuperMarioBros/Assets
GfxDevice: creating device client; threaded=0; jobified=0
2022-04-09 15:43:10.344 Unity[24649:663775] (null) preferred device: Apple M1 (high power)
2022-04-09 15:43:10.344 Unity[24649:663775] Metal devices available: 1
2022-04-09 15:43:10.344 Unity[24649:663775] 0: Apple M1 (high power)
2022-04-09 15:43:10.344 Unity[24649:663775] Using device Apple M1 (high power)
Initializing Metal device caps: Apple M1
Initialize mono
Mono path[0] = '/Applications/Unity/Unity.app/Contents/Managed'
Mono path[1] = '/Applications/Unity/Unity.app/Contents/MonoBleedingEdge/lib/mono/unityjit'
Mono config path = '/Applications/Unity/Unity.app/Contents/MonoBleedingEdge/etc'
Using monoOptions --debugger-agent=transport=dt_socket,embedding=1,server=y,suspend=n,address=127.0.0.1:56649
Begin MonoManager ReloadAssembly
Registering precompiled unity dll's ...
Register platform support module: /Applications/Unity/Unity.app/Contents/PlaybackEngines/MacStandaloneSupport/UnityEditor.OSXStandalone.Extensions.dll
Register platform support module: /Applications/Unity/PlaybackEngines/WindowsStandaloneSupport/UnityEditor.WindowsStandalone.Extensions.dll
Registered in 0.001148 seconds.
Native extension for WindowsStandalone target not found
Native extension for OSXStandalone target not found
Refreshing native plugins compatible for Editor in 134.91 ms, found 3 plugins.
Preloading 0 native plugins for Editor in 0.00 ms.
Mono: successfully reloaded assembly
- Completed reload, in  2.789 seconds
Domain Reload Profiling:
	ReloadAssembly (2789ms)
		BeginReloadAssembly (106ms)
			ExecutionOrderSort (0ms)
			DisableScriptedObjects (0ms)
			BackupInstance (0ms)
			ReleaseScriptingObjects (0ms)
			CreateAndSetChildDomain (3ms)
		EndReloadAssembly (1134ms)
			LoadAssemblies (104ms)
			RebuildTransferFunctionScriptingTraits (0ms)
			SetupTypeCache (220ms)
			ReleaseScriptCaches (0ms)
			RebuildScriptCaches (49ms)
			SetupLoadedEditorAssemblies (735ms)
				LogAssemblyErrors (0ms)
				InitializePlatformSupportModulesInManaged (20ms)
				SetLoadedEditorAssemblies (1ms)
				RefreshPlugins (135ms)
				BeforeProcessingInitializeOnLoad (4ms)
				ProcessInitializeOnLoadAttributes (440ms)
				ProcessInitializeOnLoadMethodAttributes (134ms)
				AfterProcessingInitializeOnLoad (0ms)
				EditorAssembliesLoaded (1ms)
			ExecutionOrderSort2 (0ms)
			AwakeInstancesAfterBackupRestoration (0ms)
Platform modules already initialized, skipping
Registering precompiled user dll's ...
Registered in 0.006321 seconds.
Begin MonoManager ReloadAssembly
Symbol file LoadedFromMemory doesn't match image /Users/luis/Documents/UnityProjects/SuperMarioBros/Library/PackageCache/com.unity.visualscripting@1.6.1/Editor/VisualScripting.Core/Dependencies/YamlDotNet/Unity.VisualScripting.YamlDotNet.dll
Symbol file LoadedFromMemory doesn't match image /Users/luis/Documents/UnityProjects/SuperMarioBros/Library/PackageCache/com.unity.visualscripting@1.6.1/Editor/VisualScripting.Core/Dependencies/DotNetZip/Unity.VisualScripting.IonicZip.dll
Native extension for WindowsStandalone target not found
Native extension for OSXStandalone target not found
Refreshing native plugins compatible for Editor in 125.78 ms, found 3 plugins.
Preloading 0 native plugins for Editor in 0.00 ms.
Mono: successfully reloaded assembly
- Completed reload, in  2.983 seconds
Domain Reload Profiling:
	ReloadAssembly (2984ms)
		BeginReloadAssembly (304ms)
			ExecutionOrderSort (0ms)
			DisableScriptedObjects (37ms)
			BackupInstance (0ms)
			ReleaseScriptingObjects (0ms)
			CreateAndSetChildDomain (39ms)
		EndReloadAssembly (2576ms)
			LoadAssemblies (224ms)
			RebuildTransferFunctionScriptingTraits (0ms)
			SetupTypeCache (484ms)
			ReleaseScriptCaches (1ms)
			RebuildScriptCaches (70ms)
			SetupLoadedEditorAssemblies (1512ms)
				LogAssemblyErrors (0ms)
				InitializePlatformSupportModulesInManaged (12ms)
				SetLoadedEditorAssemblies (1ms)
				RefreshPlugins (126ms)
				BeforeProcessingInitializeOnLoad (136ms)
				ProcessInitializeOnLoadAttributes (1183ms)
				ProcessInitializeOnLoadMethodAttributes (54ms)
				AfterProcessingInitializeOnLoad (1ms)
				EditorAssembliesLoaded (0ms)
			ExecutionOrderSort2 (0ms)
			AwakeInstancesAfterBackupRestoration (35ms)
Platform modules already initialized, skipping
========================================================================
Worker process is ready to serve import requests
Launching external process: /Applications/Unity/Unity.app/Contents/Tools/UnityShaderCompiler
Launched and connected shader compiler UnityShaderCompiler after 0.07 seconds
Refreshing native plugins compatible for Editor in 0.72 ms, found 3 plugins.
Preloading 0 native plugins for Editor in 0.00 ms.
Unloading 3680 Unused Serialized files (Serialized files now loaded: 0)
System memory in use before: 252.0 MB.
System memory in use after: 252.2 MB.

Unloading 32 unused Assets to reduce memory usage. Loaded Objects now: 4128.
Total: 3.190917 ms (FindLiveObjects: 0.217709 ms CreateObjectMapping: 0.097459 ms MarkObjects: 2.804542 ms  DeleteObjects: 0.069875 ms)

AssetImportParameters requested are different than current active one (requested -> active):
  custom:video-decoder-ogg-theora: a1e56fd34408186e4bbccfd4996cb3dc -> 
  custom:container-muxer-webm: aa71ff27fc2769a1b78a27578f13a17b -> 
  custom:container-demuxer-webm: 4f35f7cbe854078d1ac9338744f61a02 -> 
  custom:container-demuxer-ogg: 62fdf1f143b41e24485cea50d1cbac27 -> 
  custom:video-encoder-webm-vp8: eb34c28f22e8b96e1ab97ce403110664 -> 
  custom:framework-osx-AVFoundation: e770b220cccbd017edd2c1fefb359320 -> 
  custom:video-decoder-webm-vp8: 9c59270c3fd7afecdb556c50c9e8de78 -> 
  custom:audio-decoder-ogg-vorbis: bf7c407c2cedff20999df2af8eb42d56 -> 
  custom:audio-encoder-webm-vorbis: bf7c407c2cedff20999df2af8eb42d56 -> 
========================================================================
Received Import Request.
  path: Assets/Scripts/CameraController.cs
  artifactKey: Guid(ed972367e62894745a6e71def6a3f3e2) Importer(815301076,1909f56bfc062723c751e8b465ee728b)
Start importing Assets/Scripts/CameraController.cs using Guid(ed972367e62894745a6e71def6a3f3e2) Importer(815301076,1909f56bfc062723c751e8b465ee728b)  -> (artifact id: '6c25412ad002d92423543bebd3235777') in 0.167845 seconds 
========================================================================
Received Prepare
Registering precompiled user dll's ...
Registered in 0.003470 seconds.
Begin MonoManager ReloadAssembly
Symbol file LoadedFromMemory doesn't match image /Users/luis/Documents/UnityProjects/SuperMarioBros/Library/PackageCache/com.unity.visualscripting@1.6.1/Editor/VisualScripting.Core/Dependencies/YamlDotNet/Unity.VisualScripting.YamlDotNet.dll
Symbol file LoadedFromMemory doesn't match image /Users/luis/Documents/UnityProjects/SuperMarioBros/Library/PackageCache/com.unity.visualscripting@1.6.1/Editor/VisualScripting.Core/Dependencies/DotNetZip/Unity.VisualScripting.IonicZip.dll
Native extension for WindowsStandalone target not found
Native extension for OSXStandalone target not found
Refreshing native plugins compatible for Editor in 0.69 ms, found 3 plugins.
Preloading 0 native plugins for Editor in 0.00 ms.
Mono: successfully reloaded assembly
- Completed reload, in  2.501 seconds
Domain Reload Profiling:
	ReloadAssembly (2502ms)
		BeginReloadAssembly (210ms)
			ExecutionOrderSort (0ms)
			DisableScriptedObjects (37ms)
			BackupInstance (0ms)
			ReleaseScriptingObjects (0ms)
			CreateAndSetChildDomain (75ms)
		EndReloadAssembly (2196ms)
			LoadAssemblies (167ms)
			RebuildTransferFunctionScriptingTraits (0ms)
			SetupTypeCache (451ms)
			ReleaseScriptCaches (1ms)
			RebuildScriptCaches (56ms)
			SetupLoadedEditorAssemblies (1239ms)
				LogAssemblyErrors (0ms)
				InitializePlatformSupportModulesInManaged (14ms)
				SetLoadedEditorAssemblies (1ms)
				RefreshPlugins (1ms)
				BeforeProcessingInitializeOnLoad (98ms)
				ProcessInitializeOnLoadAttributes (1097ms)
				ProcessInitializeOnLoadMethodAttributes (28ms)
				AfterProcessingInitializeOnLoad (1ms)
				EditorAssembliesLoaded (0ms)
			ExecutionOrderSort2 (0ms)
			AwakeInstancesAfterBackupRestoration (45ms)
Platform modules already initialized, skipping
Refreshing native plugins compatible for Editor in 0.73 ms, found 3 plugins.
Preloading 0 native plugins for Editor in 0.00 ms.
Unloading 3670 Unused Serialized files (Serialized files now loaded: 0)
System memory in use before: 256.0 MB.
System memory in use after: 256.2 MB.

Unloading 20 unused Assets to reduce memory usage. Loaded Objects now: 4131.
Total: 2.730334 ms (FindLiveObjects: 0.179334 ms CreateObjectMapping: 0.092459 ms MarkObjects: 2.427917 ms  DeleteObjects: 0.029250 ms)

AssetImportParameters requested are different than current active one (requested -> active):
  custom:video-decoder-ogg-theora: a1e56fd34408186e4bbccfd4996cb3dc -> 
  custom:container-muxer-webm: aa71ff27fc2769a1b78a27578f13a17b -> 
  custom:container-demuxer-webm: 4f35f7cbe854078d1ac9338744f61a02 -> 
  custom:container-demuxer-ogg: 62fdf1f143b41e24485cea50d1cbac27 -> 
  custom:video-encoder-webm-vp8: eb34c28f22e8b96e1ab97ce403110664 -> 
  custom:framework-osx-AVFoundation: e770b220cccbd017edd2c1fefb359320 -> 
  custom:video-decoder-webm-vp8: 9c59270c3fd7afecdb556c50c9e8de78 -> 
  custom:audio-decoder-ogg-vorbis: bf7c407c2cedff20999df2af8eb42d56 -> 
  custom:audio-encoder-webm-vorbis: bf7c407c2cedff20999df2af8eb42d56 -> 
========================================================================
Received Prepare
Registering precompiled user dll's ...
Registered in 0.004411 seconds.
Begin MonoManager ReloadAssembly
Symbol file LoadedFromMemory doesn't match image /Users/luis/Documents/UnityProjects/SuperMarioBros/Library/PackageCache/com.unity.visualscripting@1.6.1/Editor/VisualScripting.Core/Dependencies/YamlDotNet/Unity.VisualScripting.YamlDotNet.dll
Symbol file LoadedFromMemory doesn't match image /Users/luis/Documents/UnityProjects/SuperMarioBros/Library/PackageCache/com.unity.visualscripting@1.6.1/Editor/VisualScripting.Core/Dependencies/DotNetZip/Unity.VisualScripting.IonicZip.dll
Native extension for WindowsStandalone target not found
Native extension for OSXStandalone target not found
Refreshing native plugins compatible for Editor in 0.70 ms, found 3 plugins.
Preloading 0 native plugins for Editor in 0.00 ms.
Mono: successfully reloaded assembly
- Completed reload, in  2.562 seconds
Domain Reload Profiling:
	ReloadAssembly (2564ms)
		BeginReloadAssembly (303ms)
			ExecutionOrderSort (0ms)
			DisableScriptedObjects (49ms)
			BackupInstance (0ms)
			ReleaseScriptingObjects (0ms)
			CreateAndSetChildDomain (123ms)
		EndReloadAssembly (2158ms)
			LoadAssemblies (212ms)
			RebuildTransferFunctionScriptingTraits (0ms)
			SetupTypeCache (458ms)
			ReleaseScriptCaches (1ms)
			RebuildScriptCaches (57ms)
			SetupLoadedEditorAssemblies (1171ms)
				LogAssemblyErrors (0ms)
				InitializePlatformSupportModulesInManaged (15ms)
				SetLoadedEditorAssemblies (1ms)
				RefreshPlugins (1ms)
				BeforeProcessingInitializeOnLoad (95ms)
				ProcessInitializeOnLoadAttributes (1030ms)
				ProcessInitializeOnLoadMethodAttributes (28ms)
				AfterProcessingInitializeOnLoad (1ms)
				EditorAssembliesLoaded (0ms)
			ExecutionOrderSort2 (0ms)
			AwakeInstancesAfterBackupRestoration (44ms)
Platform modules already initialized, skipping
Refreshing native plugins compatible for Editor in 0.46 ms, found 3 plugins.
Preloading 0 native plugins for Editor in 0.00 ms.
Unloading 3670 Unused Serialized files (Serialized files now loaded: 0)
System memory in use before: 256.3 MB.
System memory in use after: 256.5 MB.

Unloading 20 unused Assets to reduce memory usage. Loaded Objects now: 4134.
Total: 2.613750 ms (FindLiveObjects: 0.161125 ms CreateObjectMapping: 0.084750 ms MarkObjects: 2.347833 ms  DeleteObjects: 0.019000 ms)

AssetImportParameters requested are different than current active one (requested -> active):
  custom:video-decoder-ogg-theora: a1e56fd34408186e4bbccfd4996cb3dc -> 
  custom:container-muxer-webm: aa71ff27fc2769a1b78a27578f13a17b -> 
  custom:container-demuxer-webm: 4f35f7cbe854078d1ac9338744f61a02 -> 
  custom:container-demuxer-ogg: 62fdf1f143b41e24485cea50d1cbac27 -> 
  custom:video-encoder-webm-vp8: eb34c28f22e8b96e1ab97ce403110664 -> 
  custom:framework-osx-AVFoundation: e770b220cccbd017edd2c1fefb359320 -> 
  custom:video-decoder-webm-vp8: 9c59270c3fd7afecdb556c50c9e8de78 -> 
  custom:audio-decoder-ogg-vorbis: bf7c407c2cedff20999df2af8eb42d56 -> 
  custom:audio-encoder-webm-vorbis: bf7c407c2cedff20999df2af8eb42d56 -> 
========================================================================
Received Import Request.
  Time since last request: 2009.745938 seconds.
  path: Assets/Animations/Mario/marioR_walk.anim
  artifactKey: Guid(bc773bc1c60f84447a2e9e3f7372f141) Importer(815301076,1909f56bfc062723c751e8b465ee728b)
Start importing Assets/Animations/Mario/marioR_walk.anim using Guid(bc773bc1c60f84447a2e9e3f7372f141) Importer(815301076,1909f56bfc062723c751e8b465ee728b)  -> (artifact id: '931ef0da02c17afa8587eaa95a568183') in 0.126817 seconds 
========================================================================
Received Import Request.
  Time since last request: 1.400154 seconds.
  path: Assets/Animations/Mario/marioR_death.anim
  artifactKey: Guid(0810be9ef0e734dc69579c21082bf8a3) Importer(815301076,1909f56bfc062723c751e8b465ee728b)
Start importing Assets/Animations/Mario/marioR_death.anim using Guid(0810be9ef0e734dc69579c21082bf8a3) Importer(815301076,1909f56bfc062723c751e8b465ee728b)  -> (artifact id: '97ee102d200204b56fbafd29986f1ce6') in 0.004814 seconds 
========================================================================
Received Import Request.
  Time since last request: 0.988498 seconds.
  path: Assets/Animations/Mario/marioG_idle.anim
  artifactKey: Guid(791d3b2dd9e264da5a9c8eb9bf208267) Importer(815301076,1909f56bfc062723c751e8b465ee728b)
Start importing Assets/Animations/Mario/marioG_idle.anim using Guid(791d3b2dd9e264da5a9c8eb9bf208267) Importer(815301076,1909f56bfc062723c751e8b465ee728b)  -> (artifact id: '921c5b0176b7f0d330ef6dba69578241') in 0.019677 seconds 
========================================================================
Received Import Request.
  Time since last request: 1.891736 seconds.
  path: Assets/Animations/Mario/marioG_walk.anim
  artifactKey: Guid(4f1834f9f2daa47b4bd8cd674700ac97) Importer(815301076,1909f56bfc062723c751e8b465ee728b)
Start importing Assets/Animations/Mario/marioG_walk.anim using Guid(4f1834f9f2daa47b4bd8cd674700ac97) Importer(815301076,1909f56bfc062723c751e8b465ee728b)  -> (artifact id: 'c2417042c97e77ded36ca71f558891a3') in 0.005046 seconds 
========================================================================
Received Import Request.
  Time since last request: 0.751741 seconds.
  path: Assets/Animations/Mario/marioG_jump.anim
  artifactKey: Guid(eac4a9e2441a2463b9920401827fd05c) Importer(815301076,1909f56bfc062723c751e8b465ee728b)
Start importing Assets/Animations/Mario/marioG_jump.anim using Guid(eac4a9e2441a2463b9920401827fd05c) Importer(815301076,1909f56bfc062723c751e8b465ee728b)  -> (artifact id: 'a7efee6f624ae2f795f560c75279d8c4') in 0.006520 seconds 
========================================================================
Received Import Request.
  Time since last request: 0.615339 seconds.
  path: Assets/Animations/Mario/marioR_jump.anim
  artifactKey: Guid(c5bf991b77605438ba15d1666175ef56) Importer(815301076,1909f56bfc062723c751e8b465ee728b)
Start importing Assets/Animations/Mario/marioR_jump.anim using Guid(c5bf991b77605438ba15d1666175ef56) Importer(815301076,1909f56bfc062723c751e8b465ee728b)  -> (artifact id: '1c0d76369f40f401f0b4222c13fdc113') in 0.004587 seconds 
========================================================================
Received Import Request.
  Time since last request: 0.537802 seconds.
  path: Assets/Animations/Mario/marioR_idle.anim
  artifactKey: Guid(63b085447ce074a9ab7c506c83fa169f) Importer(815301076,1909f56bfc062723c751e8b465ee728b)
Start importing Assets/Animations/Mario/marioR_idle.anim using Guid(63b085447ce074a9ab7c506c83fa169f) Importer(815301076,1909f56bfc062723c751e8b465ee728b)  -> (artifact id: '9e9764ddeb275ef3b057c2844ce2c458') in 0.004751 seconds 
========================================================================
Received Import Request.
  Time since last request: 3.141678 seconds.
  path: Assets/Animations/Mario/marioW_jump.anim
  artifactKey: Guid(09f958331a2c14280b8d204740f3a3f9) Importer(815301076,1909f56bfc062723c751e8b465ee728b)
Start importing Assets/Animations/Mario/marioW_jump.anim using Guid(09f958331a2c14280b8d204740f3a3f9) Importer(815301076,1909f56bfc062723c751e8b465ee728b)  -> (artifact id: '4e116fb4274a7bc987ba0f6e152b60a2') in 0.004828 seconds 
========================================================================
Received Import Request.
  Time since last request: 1094.110905 seconds.
  path: Assets/Prefabs/StoneFloor.prefab
  artifactKey: Guid(a5164aa7b562e4b07b33d54315fc76d1) Importer(815301076,1909f56bfc062723c751e8b465ee728b)
Start importing Assets/Prefabs/StoneFloor.prefab using Guid(a5164aa7b562e4b07b33d54315fc76d1) Importer(815301076,1909f56bfc062723c751e8b465ee728b)  -> (artifact id: '7a836f46ed18f2f484d94732570e847e') in 0.251456 seconds 
========================================================================
Received Import Request.
  Time since last request: 1285.089714 seconds.
  path: Assets/Scripts/Player/New Folder
  artifactKey: Guid(7195cc3d0fb934f6eb1c923d6055857c) Importer(815301076,1909f56bfc062723c751e8b465ee728b)
Start importing Assets/Scripts/Player/New Folder using Guid(7195cc3d0fb934f6eb1c923d6055857c) Importer(815301076,1909f56bfc062723c751e8b465ee728b)  -> (artifact id: 'f59499f95e2d6b6ecca3f01690123c98') in 0.001495 seconds 
========================================================================
Received Import Request.
  Time since last request: 17.836097 seconds.
  path: Assets/Scripts/Player/SuperMario.cs
  artifactKey: Guid(8a0d368649bf14e4881a9462b2ff4585) Importer(815301076,1909f56bfc062723c751e8b465ee728b)
Start importing Assets/Scripts/Player/SuperMario.cs using Guid(8a0d368649bf14e4881a9462b2ff4585) Importer(815301076,1909f56bfc062723c751e8b465ee728b)  -> (artifact id: '2925be5b2f206926bb9f5a3262dedaeb') in 0.003527 seconds 
========================================================================
Received Prepare
Registering precompiled user dll's ...
Registered in 0.004012 seconds.
Begin MonoManager ReloadAssembly
Symbol file LoadedFromMemory doesn't match image /Users/luis/Documents/UnityProjects/SuperMarioBros/Library/PackageCache/com.unity.visualscripting@1.6.1/Editor/VisualScripting.Core/Dependencies/YamlDotNet/Unity.VisualScripting.YamlDotNet.dll
Symbol file LoadedFromMemory doesn't match image /Users/luis/Documents/UnityProjects/SuperMarioBros/Library/PackageCache/com.unity.visualscripting@1.6.1/Editor/VisualScripting.Core/Dependencies/DotNetZip/Unity.VisualScripting.IonicZip.dll
Native extension for WindowsStandalone target not found
Native extension for OSXStandalone target not found
Refreshing native plugins compatible for Editor in 0.67 ms, found 3 plugins.
Preloading 0 native plugins for Editor in 0.00 ms.
Mono: successfully reloaded assembly
- Completed reload, in  2.532 seconds
Domain Reload Profiling:
	ReloadAssembly (2533ms)
		BeginReloadAssembly (256ms)
			ExecutionOrderSort (0ms)
			DisableScriptedObjects (41ms)
			BackupInstance (0ms)
			ReleaseScriptingObjects (0ms)
			CreateAndSetChildDomain (105ms)
		EndReloadAssembly (2177ms)
			LoadAssemblies (217ms)
			RebuildTransferFunctionScriptingTraits (0ms)
			SetupTypeCache (476ms)
			ReleaseScriptCaches (1ms)
			RebuildScriptCaches (57ms)
			SetupLoadedEditorAssemblies (1157ms)
				LogAssemblyErrors (0ms)
				InitializePlatformSupportModulesInManaged (14ms)
				SetLoadedEditorAssemblies (1ms)
				RefreshPlugins (1ms)
				BeforeProcessingInitializeOnLoad (93ms)
				ProcessInitializeOnLoadAttributes (1019ms)
				ProcessInitializeOnLoadMethodAttributes (28ms)
				AfterProcessingInitializeOnLoad (1ms)
				EditorAssembliesLoaded (0ms)
			ExecutionOrderSort2 (0ms)
			AwakeInstancesAfterBackupRestoration (42ms)
Platform modules already initialized, skipping
Refreshing native plugins compatible for Editor in 0.47 ms, found 3 plugins.
Preloading 0 native plugins for Editor in 0.00 ms.
Unloading 3671 Unused Serialized files (Serialized files now loaded: 0)
System memory in use before: 269.3 MB.
System memory in use after: 269.5 MB.

Unloading 20 unused Assets to reduce memory usage. Loaded Objects now: 4145.
Total: 2.683166 ms (FindLiveObjects: 0.214791 ms CreateObjectMapping: 0.084375 ms MarkObjects: 2.357333 ms  DeleteObjects: 0.025500 ms)

AssetImportParameters requested are different than current active one (requested -> active):
  custom:video-decoder-ogg-theora: a1e56fd34408186e4bbccfd4996cb3dc -> 
  custom:container-muxer-webm: aa71ff27fc2769a1b78a27578f13a17b -> 
  custom:container-demuxer-webm: 4f35f7cbe854078d1ac9338744f61a02 -> 
  custom:container-demuxer-ogg: 62fdf1f143b41e24485cea50d1cbac27 -> 
  custom:video-encoder-webm-vp8: eb34c28f22e8b96e1ab97ce403110664 -> 
  custom:framework-osx-AVFoundation: e770b220cccbd017edd2c1fefb359320 -> 
  custom:video-decoder-webm-vp8: 9c59270c3fd7afecdb556c50c9e8de78 -> 
  custom:audio-decoder-ogg-vorbis: bf7c407c2cedff20999df2af8eb42d56 -> 
  custom:audio-encoder-webm-vorbis: bf7c407c2cedff20999df2af8eb42d56 -> 
========================================================================
Received Prepare
Registering precompiled user dll's ...
Registered in 0.003703 seconds.
Begin MonoManager ReloadAssembly
Symbol file LoadedFromMemory doesn't match image /Users/luis/Documents/UnityProjects/SuperMarioBros/Library/PackageCache/com.unity.visualscripting@1.6.1/Editor/VisualScripting.Core/Dependencies/YamlDotNet/Unity.VisualScripting.YamlDotNet.dll
Symbol file LoadedFromMemory doesn't match image /Users/luis/Documents/UnityProjects/SuperMarioBros/Library/PackageCache/com.unity.visualscripting@1.6.1/Editor/VisualScripting.Core/Dependencies/DotNetZip/Unity.VisualScripting.IonicZip.dll
Native extension for WindowsStandalone target not found
Native extension for OSXStandalone target not found
Refreshing native plugins compatible for Editor in 0.69 ms, found 3 plugins.
Preloading 0 native plugins for Editor in 0.00 ms.
Mono: successfully reloaded assembly
- Completed reload, in  2.510 seconds
Domain Reload Profiling:
	ReloadAssembly (2510ms)
		BeginReloadAssembly (201ms)
			ExecutionOrderSort (0ms)
			DisableScriptedObjects (38ms)
			BackupInstance (0ms)
			ReleaseScriptingObjects (0ms)
			CreateAndSetChildDomain (71ms)
		EndReloadAssembly (2214ms)
			LoadAssemblies (196ms)
			RebuildTransferFunctionScriptingTraits (0ms)
			SetupTypeCache (440ms)
			ReleaseScriptCaches (1ms)
			RebuildScriptCaches (55ms)
			SetupLoadedEditorAssemblies (1236ms)
				LogAssemblyErrors (0ms)
				InitializePlatformSupportModulesInManaged (14ms)
				SetLoadedEditorAssemblies (1ms)
				RefreshPlugins (1ms)
				BeforeProcessingInitializeOnLoad (101ms)
				ProcessInitializeOnLoadAttributes (1088ms)
				ProcessInitializeOnLoadMethodAttributes (30ms)
				AfterProcessingInitializeOnLoad (1ms)
				EditorAssembliesLoaded (0ms)
			ExecutionOrderSort2 (0ms)
			AwakeInstancesAfterBackupRestoration (46ms)
Platform modules already initialized, skipping
Refreshing native plugins compatible for Editor in 0.72 ms, found 3 plugins.
Preloading 0 native plugins for Editor in 0.00 ms.
Unloading 3671 Unused Serialized files (Serialized files now loaded: 0)
System memory in use before: 269.5 MB.
System memory in use after: 269.8 MB.

Unloading 20 unused Assets to reduce memory usage. Loaded Objects now: 4148.
Total: 2.693250 ms (FindLiveObjects: 0.189500 ms CreateObjectMapping: 0.090250 ms MarkObjects: 2.392000 ms  DeleteObjects: 0.020458 ms)

AssetImportParameters requested are different than current active one (requested -> active):
  custom:video-decoder-ogg-theora: a1e56fd34408186e4bbccfd4996cb3dc -> 
  custom:container-muxer-webm: aa71ff27fc2769a1b78a27578f13a17b -> 
  custom:container-demuxer-webm: 4f35f7cbe854078d1ac9338744f61a02 -> 
  custom:container-demuxer-ogg: 62fdf1f143b41e24485cea50d1cbac27 -> 
  custom:video-encoder-webm-vp8: eb34c28f22e8b96e1ab97ce403110664 -> 
  custom:framework-osx-AVFoundation: e770b220cccbd017edd2c1fefb359320 -> 
  custom:video-decoder-webm-vp8: 9c59270c3fd7afecdb556c50c9e8de78 -> 
  custom:audio-decoder-ogg-vorbis: bf7c407c2cedff20999df2af8eb42d56 -> 
  custom:audio-encoder-webm-vorbis: bf7c407c2cedff20999df2af8eb42d56 -> 
========================================================================
Received Import Request.
  Time since last request: 34.698442 seconds.
  path: Assets/Scripts/Player/SuperMario.cs
  artifactKey: Guid(8a0d368649bf14e4881a9462b2ff4585) Importer(815301076,1909f56bfc062723c751e8b465ee728b)
Start importing Assets/Scripts/Player/SuperMario.cs using Guid(8a0d368649bf14e4881a9462b2ff4585) Importer(815301076,1909f56bfc062723c751e8b465ee728b)  -> (artifact id: 'bff34069a1e33b0d42119558641e33b9') in 0.006943 seconds 
========================================================================
Received Prepare
Registering precompiled user dll's ...
Registered in 0.003800 seconds.
Begin MonoManager ReloadAssembly
Symbol file LoadedFromMemory doesn't match image /Users/luis/Documents/UnityProjects/SuperMarioBros/Library/PackageCache/com.unity.visualscripting@1.6.1/Editor/VisualScripting.Core/Dependencies/YamlDotNet/Unity.VisualScripting.YamlDotNet.dll
Symbol file LoadedFromMemory doesn't match image /Users/luis/Documents/UnityProjects/SuperMarioBros/Library/PackageCache/com.unity.visualscripting@1.6.1/Editor/VisualScripting.Core/Dependencies/DotNetZip/Unity.VisualScripting.IonicZip.dll
Native extension for WindowsStandalone target not found
Native extension for OSXStandalone target not found
Refreshing native plugins compatible for Editor in 0.72 ms, found 3 plugins.
Preloading 0 native plugins for Editor in 0.00 ms.
Mono: successfully reloaded assembly
- Completed reload, in  2.449 seconds
Domain Reload Profiling:
	ReloadAssembly (2450ms)
		BeginReloadAssembly (212ms)
			ExecutionOrderSort (0ms)
			DisableScriptedObjects (38ms)
			BackupInstance (0ms)
			ReleaseScriptingObjects (0ms)
			CreateAndSetChildDomain (73ms)
		EndReloadAssembly (2143ms)
			LoadAssemblies (178ms)
			RebuildTransferFunctionScriptingTraits (0ms)
			SetupTypeCache (435ms)
			ReleaseScriptCaches (1ms)
			RebuildScriptCaches (55ms)
			SetupLoadedEditorAssemblies (1203ms)
				LogAssemblyErrors (0ms)
				InitializePlatformSupportModulesInManaged (15ms)
				SetLoadedEditorAssemblies (1ms)
				RefreshPlugins (1ms)
				BeforeProcessingInitializeOnLoad (98ms)
				ProcessInitializeOnLoadAttributes (1060ms)
				ProcessInitializeOnLoadMethodAttributes (28ms)
				AfterProcessingInitializeOnLoad (1ms)
				EditorAssembliesLoaded (0ms)
			ExecutionOrderSort2 (0ms)
			AwakeInstancesAfterBackupRestoration (42ms)
Platform modules already initialized, skipping
Refreshing native plugins compatible for Editor in 0.69 ms, found 3 plugins.
Preloading 0 native plugins for Editor in 0.00 ms.
Unloading 3671 Unused Serialized files (Serialized files now loaded: 0)
System memory in use before: 269.8 MB.
System memory in use after: 270.0 MB.

Unloading 20 unused Assets to reduce memory usage. Loaded Objects now: 4151.
Total: 2.859750 ms (FindLiveObjects: 0.201584 ms CreateObjectMapping: 0.100584 ms MarkObjects: 2.536250 ms  DeleteObjects: 0.020083 ms)

AssetImportParameters requested are different than current active one (requested -> active):
  custom:video-decoder-ogg-theora: a1e56fd34408186e4bbccfd4996cb3dc -> 
  custom:container-muxer-webm: aa71ff27fc2769a1b78a27578f13a17b -> 
  custom:container-demuxer-webm: 4f35f7cbe854078d1ac9338744f61a02 -> 
  custom:container-demuxer-ogg: 62fdf1f143b41e24485cea50d1cbac27 -> 
  custom:video-encoder-webm-vp8: eb34c28f22e8b96e1ab97ce403110664 -> 
  custom:framework-osx-AVFoundation: e770b220cccbd017edd2c1fefb359320 -> 
  custom:video-decoder-webm-vp8: 9c59270c3fd7afecdb556c50c9e8de78 -> 
  custom:audio-decoder-ogg-vorbis: bf7c407c2cedff20999df2af8eb42d56 -> 
  custom:audio-encoder-webm-vorbis: bf7c407c2cedff20999df2af8eb42d56 -> 
========================================================================
Received Import Request.
  Time since last request: 82.906801 seconds.
  path: Assets/Scripts/Player/SuperMario.cs
  artifactKey: Guid(8a0d368649bf14e4881a9462b2ff4585) Importer(815301076,1909f56bfc062723c751e8b465ee728b)
Start importing Assets/Scripts/Player/SuperMario.cs using Guid(8a0d368649bf14e4881a9462b2ff4585) Importer(815301076,1909f56bfc062723c751e8b465ee728b)  -> (artifact id: '2723a616d798051231480c4d30cded8a') in 0.006991 seconds 
========================================================================
Received Import Request.
  Time since last request: 21.117280 seconds.
  path: Assets/Prefabs/Mario.prefab
  artifactKey: Guid(9db9b3906e9234d14aba0044e91ac303) Importer(815301076,1909f56bfc062723c751e8b465ee728b)
Start importing Assets/Prefabs/Mario.prefab using Guid(9db9b3906e9234d14aba0044e91ac303) Importer(815301076,1909f56bfc062723c751e8b465ee728b)  -> (artifact id: '6d7172e792b5fda022025d88559e3316') in 0.148517 seconds 
========================================================================
Received Prepare
Registering precompiled user dll's ...
Registered in 0.006497 seconds.
Begin MonoManager ReloadAssembly
Symbol file LoadedFromMemory doesn't match image /Users/luis/Documents/UnityProjects/SuperMarioBros/Library/PackageCache/com.unity.visualscripting@1.6.1/Editor/VisualScripting.Core/Dependencies/YamlDotNet/Unity.VisualScripting.YamlDotNet.dll
Symbol file LoadedFromMemory doesn't match image /Users/luis/Documents/UnityProjects/SuperMarioBros/Library/PackageCache/com.unity.visualscripting@1.6.1/Editor/VisualScripting.Core/Dependencies/DotNetZip/Unity.VisualScripting.IonicZip.dll
Native extension for WindowsStandalone target not found
Native extension for OSXStandalone target not found
Refreshing native plugins compatible for Editor in 0.73 ms, found 3 plugins.
Preloading 0 native plugins for Editor in 0.00 ms.
Mono: successfully reloaded assembly
- Completed reload, in  2.465 seconds
Domain Reload Profiling:
	ReloadAssembly (2466ms)
		BeginReloadAssembly (236ms)
			ExecutionOrderSort (0ms)
			DisableScriptedObjects (35ms)
			BackupInstance (0ms)
			ReleaseScriptingObjects (0ms)
			CreateAndSetChildDomain (71ms)
		EndReloadAssembly (2139ms)
			LoadAssemblies (227ms)
			RebuildTransferFunctionScriptingTraits (0ms)
			SetupTypeCache (415ms)
			ReleaseScriptCaches (1ms)
			RebuildScriptCaches (53ms)
			SetupLoadedEditorAssemblies (1203ms)
				LogAssemblyErrors (0ms)
				InitializePlatformSupportModulesInManaged (14ms)
				SetLoadedEditorAssemblies (1ms)
				RefreshPlugins (1ms)
				BeforeProcessingInitializeOnLoad (95ms)
				ProcessInitializeOnLoadAttributes (1062ms)
				ProcessInitializeOnLoadMethodAttributes (29ms)
				AfterProcessingInitializeOnLoad (1ms)
				EditorAssembliesLoaded (0ms)
			ExecutionOrderSort2 (0ms)
			AwakeInstancesAfterBackupRestoration (45ms)
Platform modules already initialized, skipping
Refreshing native plugins compatible for Editor in 0.42 ms, found 3 plugins.
Preloading 0 native plugins for Editor in 0.00 ms.
Unloading 3671 Unused Serialized files (Serialized files now loaded: 0)
System memory in use before: 270.1 MB.
System memory in use after: 270.4 MB.

Unloading 20 unused Assets to reduce memory usage. Loaded Objects now: 4155.
Total: 2.603542 ms (FindLiveObjects: 0.148416 ms CreateObjectMapping: 0.089000 ms MarkObjects: 2.346917 ms  DeleteObjects: 0.018333 ms)

AssetImportParameters requested are different than current active one (requested -> active):
  custom:video-decoder-ogg-theora: a1e56fd34408186e4bbccfd4996cb3dc -> 
  custom:container-muxer-webm: aa71ff27fc2769a1b78a27578f13a17b -> 
  custom:container-demuxer-webm: 4f35f7cbe854078d1ac9338744f61a02 -> 
  custom:container-demuxer-ogg: 62fdf1f143b41e24485cea50d1cbac27 -> 
  custom:video-encoder-webm-vp8: eb34c28f22e8b96e1ab97ce403110664 -> 
  custom:framework-osx-AVFoundation: e770b220cccbd017edd2c1fefb359320 -> 
  custom:video-decoder-webm-vp8: 9c59270c3fd7afecdb556c50c9e8de78 -> 
  custom:audio-decoder-ogg-vorbis: bf7c407c2cedff20999df2af8eb42d56 -> 
  custom:audio-encoder-webm-vorbis: bf7c407c2cedff20999df2af8eb42d56 -> 
========================================================================
Received Import Request.
  Time since last request: 136.790899 seconds.
  path: Assets/Animations/Mario/bigMario.controller
  artifactKey: Guid(91e467826ff50420a9543c529f2ee85e) Importer(815301076,1909f56bfc062723c751e8b465ee728b)
Start importing Assets/Animations/Mario/bigMario.controller using Guid(91e467826ff50420a9543c529f2ee85e) Importer(815301076,1909f56bfc062723c751e8b465ee728b)  -> (artifact id: '06830258362b5f5c5ade03044ebc747b') in 0.096714 seconds 
========================================================================
Received Prepare
Registering precompiled user dll's ...
Registered in 0.006737 seconds.
Begin MonoManager ReloadAssembly
Symbol file LoadedFromMemory doesn't match image /Users/luis/Documents/UnityProjects/SuperMarioBros/Library/PackageCache/com.unity.visualscripting@1.6.1/Editor/VisualScripting.Core/Dependencies/YamlDotNet/Unity.VisualScripting.YamlDotNet.dll
Symbol file LoadedFromMemory doesn't match image /Users/luis/Documents/UnityProjects/SuperMarioBros/Library/PackageCache/com.unity.visualscripting@1.6.1/Editor/VisualScripting.Core/Dependencies/DotNetZip/Unity.VisualScripting.IonicZip.dll
Native extension for WindowsStandalone target not found
Native extension for OSXStandalone target not found
Refreshing native plugins compatible for Editor in 0.69 ms, found 3 plugins.
Preloading 0 native plugins for Editor in 0.00 ms.
Mono: successfully reloaded assembly
- Completed reload, in  2.435 seconds
Domain Reload Profiling:
	ReloadAssembly (2436ms)
		BeginReloadAssembly (229ms)
			ExecutionOrderSort (0ms)
			DisableScriptedObjects (37ms)
			BackupInstance (0ms)
			ReleaseScriptingObjects (0ms)
			CreateAndSetChildDomain (69ms)
		EndReloadAssembly (2116ms)
			LoadAssemblies (228ms)
			RebuildTransferFunctionScriptingTraits (0ms)
			SetupTypeCache (426ms)
			ReleaseScriptCaches (2ms)
			RebuildScriptCaches (56ms)
			SetupLoadedEditorAssemblies (1166ms)
				LogAssemblyErrors (0ms)
				InitializePlatformSupportModulesInManaged (13ms)
				SetLoadedEditorAssemblies (1ms)
				RefreshPlugins (1ms)
				BeforeProcessingInitializeOnLoad (93ms)
				ProcessInitializeOnLoadAttributes (1029ms)
				ProcessInitializeOnLoadMethodAttributes (28ms)
				AfterProcessingInitializeOnLoad (1ms)
				EditorAssembliesLoaded (0ms)
			ExecutionOrderSort2 (0ms)
			AwakeInstancesAfterBackupRestoration (42ms)
Platform modules already initialized, skipping
Refreshing native plugins compatible for Editor in 0.42 ms, found 3 plugins.
Preloading 0 native plugins for Editor in 0.00 ms.
Unloading 3671 Unused Serialized files (Serialized files now loaded: 0)
System memory in use before: 274.5 MB.
System memory in use after: 274.7 MB.

Unloading 20 unused Assets to reduce memory usage. Loaded Objects now: 4158.
Total: 2.576667 ms (FindLiveObjects: 0.156125 ms CreateObjectMapping: 0.095750 ms MarkObjects: 2.307875 ms  DeleteObjects: 0.015875 ms)

AssetImportParameters requested are different than current active one (requested -> active):
  custom:video-decoder-ogg-theora: a1e56fd34408186e4bbccfd4996cb3dc -> 
  custom:container-muxer-webm: aa71ff27fc2769a1b78a27578f13a17b -> 
  custom:container-demuxer-webm: 4f35f7cbe854078d1ac9338744f61a02 -> 
  custom:container-demuxer-ogg: 62fdf1f143b41e24485cea50d1cbac27 -> 
  custom:video-encoder-webm-vp8: eb34c28f22e8b96e1ab97ce403110664 -> 
  custom:framework-osx-AVFoundation: e770b220cccbd017edd2c1fefb359320 -> 
  custom:video-decoder-webm-vp8: 9c59270c3fd7afecdb556c50c9e8de78 -> 
  custom:audio-decoder-ogg-vorbis: bf7c407c2cedff20999df2af8eb42d56 -> 
  custom:audio-encoder-webm-vorbis: bf7c407c2cedff20999df2af8eb42d56 -> 
========================================================================
Received Import Request.
  Time since last request: 30.535589 seconds.
  path: Assets/Animations/Mario/mario.controller
  artifactKey: Guid(860258573777144af93ceb7c046c603b) Importer(815301076,1909f56bfc062723c751e8b465ee728b)
Start importing Assets/Animations/Mario/mario.controller using Guid(860258573777144af93ceb7c046c603b) Importer(815301076,1909f56bfc062723c751e8b465ee728b)  -> (artifact id: '6732492b46df2c6368cd5b3021500145') in 0.019575 seconds 
========================================================================
Received Import Request.
  Time since last request: 2.387467 seconds.
  path: Assets/Animations/Mario/mario_death.anim
  artifactKey: Guid(11f3274ab7b6f4559bcf7cf093e7a8a1) Importer(815301076,1909f56bfc062723c751e8b465ee728b)
Start importing Assets/Animations/Mario/mario_death.anim using Guid(11f3274ab7b6f4559bcf7cf093e7a8a1) Importer(815301076,1909f56bfc062723c751e8b465ee728b)  -> (artifact id: '4dd50dceef40ac7c4808a8391c88223a') in 0.007247 seconds 
========================================================================
Received Import Request.
  Time since last request: 49.470993 seconds.
  path: Assets/Sprites/mario.png
  artifactKey: Guid(f41ea3f6313054a00b2b1b441c9f2b6e) Importer(815301076,1909f56bfc062723c751e8b465ee728b)
Start importing Assets/Sprites/mario.png using Guid(f41ea3f6313054a00b2b1b441c9f2b6e) Importer(815301076,1909f56bfc062723c751e8b465ee728b)  -> (artifact id: 'bd3a2aa753d7e662e1fcd082d62b2d5f') in 0.513916 seconds 
========================================================================
Received Import Request.
  Time since last request: 23.733007 seconds.
  path: Assets/Sprites/mario.png
  artifactKey: Guid(f41ea3f6313054a00b2b1b441c9f2b6e) Importer(815301076,1909f56bfc062723c751e8b465ee728b)
Start importing Assets/Sprites/mario.png using Guid(f41ea3f6313054a00b2b1b441c9f2b6e) Importer(815301076,1909f56bfc062723c751e8b465ee728b)  -> (artifact id: '4f08d4f1a875d64bacbac4ceb2064bff') in 0.011090 seconds 
========================================================================
Received Import Request.
  Time since last request: 8.718414 seconds.
  path: Assets/Sprites/mario.png
  artifactKey: Guid(f41ea3f6313054a00b2b1b441c9f2b6e) Importer(815301076,1909f56bfc062723c751e8b465ee728b)
Start importing Assets/Sprites/mario.png using Guid(f41ea3f6313054a00b2b1b441c9f2b6e) Importer(815301076,1909f56bfc062723c751e8b465ee728b)  -> (artifact id: 'ae4220faadc341936bf56fcae48b845c') in 0.356900 seconds 
========================================================================
Received Import Request.
  Time since last request: 82.322512 seconds.
  path: Assets/Sprites/mario.png
  artifactKey: Guid(f41ea3f6313054a00b2b1b441c9f2b6e) Importer(815301076,1909f56bfc062723c751e8b465ee728b)
Start importing Assets/Sprites/mario.png using Guid(f41ea3f6313054a00b2b1b441c9f2b6e) Importer(815301076,1909f56bfc062723c751e8b465ee728b)  -> (artifact id: '899a94813b3dedc88bd559b554afbc6b') in 0.360581 seconds 
========================================================================
Received Import Request.
  Time since last request: 64.744421 seconds.
  path: Assets/Sprites/mario 1.png
  artifactKey: Guid(2be49e88a2b2d4a658a0f648114be25d) Importer(815301076,1909f56bfc062723c751e8b465ee728b)
Start importing Assets/Sprites/mario 1.png using Guid(2be49e88a2b2d4a658a0f648114be25d) Importer(815301076,1909f56bfc062723c751e8b465ee728b)  -> (artifact id: '678e1f984e09c31bb31c3503ca39e2f6') in 0.013468 seconds 
========================================================================
Received Import Request.
  Time since last request: 1698.288251 seconds.
  path: Assets/Sprites/mario.png
  artifactKey: Guid(f41ea3f6313054a00b2b1b441c9f2b6e) Importer(815301076,1909f56bfc062723c751e8b465ee728b)
Start importing Assets/Sprites/mario.png using Guid(f41ea3f6313054a00b2b1b441c9f2b6e) Importer(815301076,1909f56bfc062723c751e8b465ee728b)  -> (artifact id: '5eb3d3d19f2913600fc84e73739ea1a3') in 0.391488 seconds 
========================================================================
Received Import Request.
  Time since last request: 189.063726 seconds.
  path: Assets/Sprites/mario.png
  artifactKey: Guid(f41ea3f6313054a00b2b1b441c9f2b6e) Importer(815301076,1909f56bfc062723c751e8b465ee728b)
Start importing Assets/Sprites/mario.png using Guid(f41ea3f6313054a00b2b1b441c9f2b6e) Importer(815301076,1909f56bfc062723c751e8b465ee728b)  -> (artifact id: '61e7c44bcdc7604b251b421c582f09b2') in 0.350571 seconds 
========================================================================
Received Import Request.
  Time since last request: 31.326783 seconds.
  path: Assets/Sprites/mario.png
  artifactKey: Guid(f41ea3f6313054a00b2b1b441c9f2b6e) Importer(815301076,1909f56bfc062723c751e8b465ee728b)
Start importing Assets/Sprites/mario.png using Guid(f41ea3f6313054a00b2b1b441c9f2b6e) Importer(815301076,1909f56bfc062723c751e8b465ee728b)  -> (artifact id: 'c1059d0a397ee6e653fb2df47959f538') in 0.334888 seconds 
========================================================================
Received Import Request.
  Time since last request: 6.718069 seconds.
  path: Assets/Sprites/mario.png
  artifactKey: Guid(f41ea3f6313054a00b2b1b441c9f2b6e) Importer(815301076,1909f56bfc062723c751e8b465ee728b)
Start importing Assets/Sprites/mario.png using Guid(f41ea3f6313054a00b2b1b441c9f2b6e) Importer(815301076,1909f56bfc062723c751e8b465ee728b)  -> (artifact id: 'e824a35efdda18b1c61158a0f478db06') in 0.011932 seconds 
